Unity Editor version:    6000.0.21f1 (e2bacb8dee3a)
Branch:                  trunk
Build type:              Release
Batch mode:              YES
macOS version:           Version 14.5 (Build 23F79)
Darwin version:          23.5.0
Architecture:            arm64
Running under Rosetta:   NO
Available memory:        16384 MB
Using pre-set license
Pro License: YES

COMMAND LINE ARGUMENTS:
/Applications/Unity/Hub/Editor/6000.0.21f1/Unity.app/Contents/MacOS/Unity
-adb2
-batchMode
-noUpm
-name
AssetImportWorker1
-projectPath
/Users/kseniasperling/Unity/second_homework_unity
-logFile
Logs/AssetImportWorker1.log
-srvPort
49848
-job-worker-count
3
-background-job-worker-count
8
-asset-garbage-collectors
1
Successfully changed project path to: /Users/kseniasperling/Unity/second_homework_unity
/Users/kseniasperling/Unity/second_homework_unity
[UnityMemory] Configuration Parameters - Can be set up in boot.config
    "memorysetup-bucket-allocator-granularity=16"
    "memorysetup-bucket-allocator-bucket-count=8"
    "memorysetup-bucket-allocator-block-size=33554432"
    "memorysetup-bucket-allocator-block-count=8"
    "memorysetup-main-allocator-block-size=16777216"
    "memorysetup-thread-allocator-block-size=16777216"
    "memorysetup-gfx-main-allocator-block-size=16777216"
    "memorysetup-gfx-thread-allocator-block-size=16777216"
    "memorysetup-cache-allocator-block-size=4194304"
    "memorysetup-typetree-allocator-block-size=2097152"
    "memorysetup-profiler-bucket-allocator-granularity=16"
    "memorysetup-profiler-bucket-allocator-bucket-count=8"
    "memorysetup-profiler-bucket-allocator-block-size=33554432"
    "memorysetup-profiler-bucket-allocator-block-count=8"
    "memorysetup-profiler-allocator-block-size=16777216"
    "memorysetup-profiler-editor-allocator-block-size=1048576"
    "memorysetup-temp-allocator-size-main=16777216"
    "memorysetup-job-temp-allocator-block-size=2097152"
    "memorysetup-job-temp-allocator-block-size-background=1048576"
    "memorysetup-job-temp-allocator-reduction-small-platforms=262144"
    "memorysetup-allocator-temp-initial-block-size-main=262144"
    "memorysetup-allocator-temp-initial-block-size-worker=262144"
    "memorysetup-temp-allocator-size-background-worker=32768"
    "memorysetup-temp-allocator-size-job-worker=262144"
    "memorysetup-temp-allocator-size-preload-manager=33554432"
    "memorysetup-temp-allocator-size-nav-mesh-worker=65536"
    "memorysetup-temp-allocator-size-audio-worker=65536"
    "memorysetup-temp-allocator-size-cloud-worker=32768"
    "memorysetup-temp-allocator-size-gi-baking-worker=262144"
    "memorysetup-temp-allocator-size-gi-baking-worker=262144"
    "memorysetup-temp-allocator-size-gi-baking-worker=262144"
    "memorysetup-temp-allocator-size-gi-baking-worker=262144"
    "memorysetup-temp-allocator-size-gi-baking-worker=262144"
    "memorysetup-temp-allocator-size-gfx=262144"
Player connection [8478657536]  Target information:

Player connection [8478657536]  * "[IP] 192.168.1.12 [Port] 0 [Flags] 2 [Guid] 2425693064 [EditorId] 2425693064 [Version] 1048832 [Id] OSXEditor(0,Air-Ksenia.Home) [Debug] 1 [PackageName] OSXEditor [ProjectName] Editor" 

Player connection [8478657536]  * "[IP] 169.254.19.0 [Port] 0 [Flags] 2 [Guid] 2425693064 [EditorId] 2425693064 [Version] 1048832 [Id] OSXEditor(0,Air-Ksenia.Home) [Debug] 1 [PackageName] OSXEditor [ProjectName] Editor" 

Player connection [8478657536] Host joined multi-casting on [225.0.0.222:54997]...
Player connection [8478657536] Host joined alternative multi-casting on [225.0.0.222:34997]...
JobSystem: Creating JobQueue using job-worker-count value 3
[Physics::Module] Initialized fallback backend.
[Physics::Module] Id: 0xdecafbad
Library Redirect Path: Library/
[Physics::Module] Selected backend.
[Physics::Module] Name: PhysX
[Physics::Module] Id: 0xf2b8ea05
[Physics::Module] SDK Version: 4.1.2
[Physics::Module] Integration Version: 1.0.0
[Physics::Module] Threading Mode: Multi-Threaded
Refreshing native plugins compatible for Editor in 1.48 ms, found 2 plugins.
Preloading 0 native plugins for Editor in 0.00 ms.
Initialize engine version: 6000.0.21f1 (e2bacb8dee3a)
[Subsystems] Discovering subsystems at path /Applications/Unity/Hub/Editor/6000.0.21f1/Unity.app/Contents/Resources/UnitySubsystems
[Subsystems] Discovering subsystems at path /Users/kseniasperling/Unity/second_homework_unity/Assets
GfxDevice: creating device client; kGfxThreadingModeNonThreaded
 preferred device: Apple M3 (high power)
Metal devices available: 1
0: Apple M3 (high power)
Using device Apple M3 (high power)
Initializing Metal device caps: Apple M3
Initialize mono
Mono path[0] = '/Applications/Unity/Hub/Editor/6000.0.21f1/Unity.app/Contents/Managed'
Mono path[1] = '/Applications/Unity/Hub/Editor/6000.0.21f1/Unity.app/Contents/MonoBleedingEdge/lib/mono/unityjit-macos'
Mono config path = '/Applications/Unity/Hub/Editor/6000.0.21f1/Unity.app/Contents/MonoBleedingEdge/etc'
Using monoOptions --debugger-agent=transport=dt_socket,embedding=1,server=y,suspend=n,address=127.0.0.1:56574
Begin MonoManager ReloadAssembly
Registering precompiled unity dll's ...
Register platform support module: /Applications/Unity/Hub/Editor/6000.0.21f1/Unity.app/Contents/PlaybackEngines/MacStandaloneSupport/UnityEditor.OSXStandalone.Extensions.dll
Registered in 0.001537 seconds.
- Loaded All Assemblies, in  0.219 seconds
Native extension for OSXStandalone target not found
System.NullReferenceException: Object reference not set to an instance of an object
  at System.Collections.Generic.Dictionary`2[TKey,TValue].TryInsert (TKey key, TValue value, System.Collections.Generic.InsertionBehavior behavior) [0x00111] in <a6d715f5ce8c4754a140b50ff638878a>:0 
  at System.Collections.Generic.Dictionary`2[TKey,TValue].Add (TKey key, TValue value) [0x00000] in <a6d715f5ce8c4754a140b50ff638878a>:0 
  at UnityEngine.UIElements.VisualElement.GetOrCreateTypeData (System.Type t) [0x0001d] in /Users/bokken/build/output/unity/unity/Modules/UIElements/Core/VisualElementTypeData.cs:69 
  at UnityEngine.UIElements.VisualElementFactoryRegistry.GetMovedUIControlTypeName (System.Type type, UnityEngine.Scripting.APIUpdating.MovedFromAttribute attr) [0x0003a] in /Users/bokken/build/output/unity/unity/Modules/UIElements/Core/UXML/VisualElementFactoryRegistry.cs:25 
  at UnityEngine.UIElements.VisualElementFactoryRegistry.RegisterFactory (UnityEngine.UIElements.IUxmlFactory factory) [0x000e5] in /Users/bokken/build/output/unity/unity/Modules/UIElements/Core/UXML/VisualElementFactoryRegistry.cs:69 
  at UnityEngine.UIElements.VisualElementFactoryRegistry.RegisterEngineFactories () [0x001fb] in /Users/bokken/build/output/unity/unity/Modules/UIElements/Core/UXML/VisualElementFactoryRegistry.cs:173 
  at UnityEngine.UIElements.VisualElementFactoryRegistry.get_factories () [0x00024] in /Users/bokken/build/output/unity/unity/Modules/UIElements/Core/UXML/VisualElementFactoryRegistry.cs:39 
  at UnityEngine.UIElements.VisualElementFactoryRegistry.RegisterFactory (UnityEngine.UIElements.IUxmlFactory factory) [0x00001] in /Users/bokken/build/output/unity/unity/Modules/UIElements/Core/UXML/VisualElementFactoryRegistry.cs:49 
  at UnityEditor.UIElements.UXMLEditorFactories..cctor () [0x00085] in /Users/bokken/build/output/unity/unity/Modules/UIElementsEditor/UXMLEditorFactories.cs:32 
UnityEngine.Debug:ExtractStackTraceNoAlloc (byte*,int,string)
UnityEngine.StackTraceUtility:ExtractStackTrace () (at /Users/bokken/build/output/unity/unity/Runtime/Export/Scripting/StackTrace.cs:37)
UnityEngine.DebugLogHandler:Internal_Log (UnityEngine.LogType,UnityEngine.LogOption,string,UnityEngine.Object)
UnityEngine.DebugLogHandler:LogFormat (UnityEngine.LogType,UnityEngine.Object,string,object[])
UnityEngine.Logger:Log (UnityEngine.LogType,object)
UnityEngine.Debug:LogError (object)
UnityEditor.EditorAssemblies:ProcessInitializeOnLoadAttributes (System.Type[]) (at /Users/bokken/build/output/unity/unity/Editor/Mono/EditorAssemblies.cs:126)

(Filename: /Users/bokken/build/output/unity/unity/Editor/Mono/EditorAssemblies.cs Line: 126)

Mono: successfully reloaded assembly
- Finished resetting the current domain, in  0.276 seconds
Domain Reload Profiling: 495ms
	BeginReloadAssembly (64ms)
		ExecutionOrderSort (0ms)
		DisableScriptedObjects (0ms)
		BackupInstance (0ms)
		ReleaseScriptingObjects (0ms)
		CreateAndSetChildDomain (0ms)
	RebuildCommonClasses (24ms)
	RebuildNativeTypeToScriptingClass (8ms)
	initialDomainReloadingComplete (27ms)
	LoadAllAssembliesAndSetupDomain (96ms)
		LoadAssemblies (64ms)
		RebuildTransferFunctionScriptingTraits (0ms)
		AnalyzeDomain (95ms)
			TypeCache.Refresh (93ms)
				TypeCache.ScanAssembly (84ms)
			BuildScriptInfoCaches (0ms)
			ResolveRequiredComponents (0ms)
	FinalizeReload (276ms)
		ReleaseScriptCaches (0ms)
		RebuildScriptCaches (0ms)
		SetupLoadedEditorAssemblies (246ms)
			LogAssemblyErrors (0ms)
			InitializePlatformSupportModulesInManaged (25ms)
			SetLoadedEditorAssemblies (3ms)
			BeforeProcessingInitializeOnLoad (4ms)
			ProcessInitializeOnLoadAttributes (113ms)
			ProcessInitializeOnLoadMethodAttributes (74ms)
			AfterProcessingInitializeOnLoad (26ms)
			EditorAssembliesLoaded (0ms)
		ExecutionOrderSort2 (0ms)
		AwakeInstancesAfterBackupRestoration (0ms)
========================================================================
Worker process is ready to serve import requests
Import Worker Mode flag is 0x00
Begin MonoManager ReloadAssembly
Assembly 'Library/ScriptAssemblies/Unity.CollabProxy.Editor.dll' will not be loaded due to errors:
Unable to resolve reference 'unityplastic'. Is the assembly missing or incompatible with the current platform?
Reference validation can be disabled in the Plugin Inspector.
Assembly 'Library/ScriptAssemblies/Unity.PlasticSCM.Editor.dll' will not be loaded due to errors:
Unable to resolve reference 'Unity.Plastic.Newtonsoft.Json'. Is the assembly missing or incompatible with the current platform?
Reference validation can be disabled in the Plugin Inspector.
Unable to resolve reference 'unityplastic'. Is the assembly missing or incompatible with the current platform?
Reference validation can be disabled in the Plugin Inspector.
- Loaded All Assemblies, in  0.695 seconds
Assertion failed on expression: 'IsFileCreated(assemblyPath)'
Assertion failed on expression: 'IsFileCreated(assemblyPath)'
Compilation Pipeline: Could not read file Packages/com.unity.collab-proxy/Editor/PlasticSCM/Toolbar/Unity.CollabProxy.Editor.asmdef
Fatal Error! Compilation Pipeline: Could not read file Packages/com.unity.collab-proxy/Editor/PlasticSCM/Toolbar/Unity.CollabProxy.Editor.asmdef
Obtained 31 stack frames.
#0  0x0000019176ea60 in __pthread_kill
#1  0x3428001916b3a30 in abort
#2  0xc455800103a4923c in __cxx_global_var_init.2
#3  0x0000010262ff10 in EditorMonoConsole::LogToConsoleImplementation(CppLogEntry&)
#4  0x0000010262fa54 in EditorMonoConsole::LogToConsoleImplementation(DebugStringToFileData const&)
#5  0x00000102631684 in LogToConsoleImplementation(DebugStringToFileData const&)
#6  0x000001033177a4 in DebugStringToFilePostprocessedStacktrace(DebugStringToFileData const&)
#7  0x00000103317fdc in DebugStringToFile(DebugStringToFileData const&)
#8  0x00000102c7d038 in RegisterAssemblyDefinition(core::basic_string<char, core::StringStorageDefault<char>> const&)
#9  0x00000102fd01a0 in UpdateScriptCompilationPipelineCaches(ScriptChanges const&, bool)
#10 0x00000102e94bdc in AssetImportWorkerClient::RegisterTransientArtifacts(bool)
#11 0x00000102e94b44 in AssetImportWorkerClient::ReloadScriptingDomain()
#12 0x00000102eafa78 in invocation function for block in AssetImportWorkerClient::HandleMessage(InitializeMessage const&)::$_11::operator()() const
#13 0x000001915f63e8 in _dispatch_client_callout
#14 0x29478001916059b0 in _dispatch_async_and_wait_invoke
#15 0x4f248001915f63e8 in _dispatch_client_callout
#16 0xd113800191604bb8 in _dispatch_main_queue_drain
#17 0x62258001916047cc in _dispatch_main_queue_callback_4CF
#18 0x68558001918c7ad4 in __CFRUNLOOP_IS_SERVICING_THE_MAIN_DISPATCH_QUEUE__
#19 0x5768800191885258 in __CFRunLoopRun
#20 0x7c35800191884434 in CFRunLoopRunSpecific
#21 0x7c3200019c02819c in RunCurrentEventLoopInMode
#22 0xfc4a80019c027e2c in ReceiveNextEventCommon
#23 0x66000019c027d30 in _BlockUntilNextEventMatchingListInModeWithFilter
#24 0x853f0001950e3d68 in _DPSNextEvent
#25 0x660e0001958d9808 in -[NSApplication(NSEventRouting) _nextEventMatchingEventMask:untilDate:inMode:dequeue:]
#26 0xa5670001950d709c in -[NSApplication run]
#27 0x35218001950ae2e0 in NSApplicationMain
#28 0x4247800103a65888 in EditorMain(int, char const**)
#29 0x00000103a65be4 in main
#30 0x0000019141e0e0 in start
